/*C93*/SET SCHEMA PUBLIC
DISCONNECT
/*C94*/SET SCHEMA PUBLIC
DISCONNECT
/*C96*/SET SCHEMA PUBLIC
LOCK TABLE "PUBLIC"."schema_version" WRITE
DISCONNECT
/*C95*/SET SCHEMA PUBLIC
DISCONNECT
/*C97*/SET SCHEMA PUBLIC
DISCONNECT
/*C98*/SET SCHEMA PUBLIC
DISCONNECT
/*C101*/SET SCHEMA PUBLIC
DISCONNECT
/*C102*/SET SCHEMA PUBLIC
DISCONNECT
/*C104*/SET SCHEMA PUBLIC
DISCONNECT
/*C105*/SET SCHEMA PUBLIC
DISCONNECT
/*C103*/SET SCHEMA PUBLIC
DELETE FROM "schema_version" WHERE "version"='1.2'
COMMIT
/*C106*/SET SCHEMA PUBLIC
DISCONNECT
/*C108*/SET SCHEMA PUBLIC
LOCK TABLE "PUBLIC"."schema_version" WRITE
/*C107*/SET SCHEMA PUBLIC
create table test (\u000a  id int\u000a)
/*C108*/INSERT INTO "schema_version" VALUES(2,2,'1.2','second','SQL','V1_2__second.sql',976462191,'SA','2013-12-15 11:07:45.595000',15,'1')
COMMIT
LOCK TABLE "PUBLIC"."schema_version" WRITE
/*C107*/create table test2 (\u000a  id int\u000a)
/*C108*/INSERT INTO "schema_version" VALUES(3,3,'1.3','second 2','SQL','V1_3__second_2.sql',-122039749,'SA','2013-12-15 11:07:45.701000',4,'1')
COMMIT
LOCK TABLE "PUBLIC"."schema_version" WRITE
/*C109*/SET SCHEMA PUBLIC
DISCONNECT
/*C110*/SET SCHEMA PUBLIC
DISCONNECT
/*C100*/SET SCHEMA PUBLIC
DISCONNECT
/*C99*/SET SCHEMA PUBLIC
DISCONNECT
/*C108*/DISCONNECT
/*C107*/DISCONNECT
/*C103*/DISCONNECT
